<?xml version="1.0" encoding="UTF-8"?>
<testsuite name="edu.tec.ic6821.fulltextsearch.tokenizer.DefaultFileTokenizerFactoryTest" tests="3" skipped="0" failures="0" errors="0" timestamp="2022-03-22T01:27:49" hostname="Sekiro" time="0.039">
  <properties/>
  <testcase name="testFileTokenizerNotFound" classname="edu.tec.ic6821.fulltextsearch.tokenizer.DefaultFileTokenizerFactoryTest" time="0.006"/>
  <testcase name="testFileTokenizerWithTxtFile" classname="edu.tec.ic6821.fulltextsearch.tokenizer.DefaultFileTokenizerFactoryTest" time="0.001"/>
  <testcase name="testFileTokenizerWithPdfFile" classname="edu.tec.ic6821.fulltextsearch.tokenizer.DefaultFileTokenizerFactoryTest" time="0.031"/>
  <system-out><![CDATA[]]></system-out>
  <system-err><![CDATA[]]></system-err>
</testsuite>
