<?xml version="1.0" encoding="UTF-8"?>
<testsuite name="edu.tec.ic6821.fulltextsearch.tokenizer.TxtFileTokenizerTest" tests="4" skipped="0" failures="0" errors="0" timestamp="2022-03-22T01:27:49" hostname="Sekiro" time="0.025">
  <properties/>
  <testcase name="next" classname="edu.tec.ic6821.fulltextsearch.tokenizer.TxtFileTokenizerTest" time="0.013"/>
  <testcase name="testConstructorWithNonExistingFile" classname="edu.tec.ic6821.fulltextsearch.tokenizer.TxtFileTokenizerTest" time="0.002"/>
  <testcase name="hasNext" classname="edu.tec.ic6821.fulltextsearch.tokenizer.TxtFileTokenizerTest" time="0.001"/>
  <testcase name="testConstructor" classname="edu.tec.ic6821.fulltextsearch.tokenizer.TxtFileTokenizerTest" time="0.001"/>
  <system-out><![CDATA[]]></system-out>
  <system-err><![CDATA[]]></system-err>
</testsuite>
